2014-03-02 15:59:50,724 [FileSystemWatcher: files=#2 cl=groovy.lang.GroovyClassLoader@62225a59] ERROR StackTrace  - Full Stack Trace:
groovy.lang.GroovyRuntimeException: Ambiguous method overloading for method grails.spring.BeanBuilder#registerBeans.
Cannot resolve which method to invoke for [null] due to overlapping prototypes between:
	[interface org.codehaus.groovy.grails.commons.spring.RuntimeSpringConfiguration]
	[interface org.springframework.beans.factory.support.BeanDefinitionRegistry]
	at groovy.lang.MetaClassImpl.chooseMostSpecificParams(MetaClassImpl.java:3034)
	at groovy.lang.MetaClassImpl.chooseMethodInternal(MetaClassImpl.java:2986)
	at groovy.lang.MetaClassImpl.chooseMethod(MetaClassImpl.java:2929)
	at groovy.lang.MetaClassImpl.getMethodWithCachingInternal(MetaClassImpl.java:1204)
	at groovy.lang.MetaClassImpl.createPogoCallSite(MetaClassImpl.java:3163)
	at groovy.lang.ExpandoMetaClass.createPogoCallSite(ExpandoMetaClass.java:1306)
	at org.codehaus.groovy.runtime.callsite.CallSiteArray.createPogoSite(CallSiteArray.java:147)
	at org.codehaus.groovy.runtime.callsite.CallSiteArray.createCallSite(CallSiteArray.java:161)
	at org.codehaus.groovy.runtime.callsite.CallSiteArray.defaultCall(CallSiteArray.java:45)
	at org.codehaus.groovy.runtime.callsite.AbstractCallSite.call(AbstractCallSite.java:108)
	at org.codehaus.groovy.runtime.callsite.AbstractCallSite.call(AbstractCallSite.java:116)
	at org.codehaus.groovy.grails.plugins.DomainClassGrailsPlugin$_closure3.doCall(DomainClassGrailsPlugin.groovy:156)
	at sun.reflect.NativeMethodAccessorImpl.invoke0(Native Method)
	at sun.reflect.NativeMethodAccessorImpl.invoke(NativeMethodAccessorImpl.java:57)
	at sun.reflect.DelegatingMethodAccessorImpl.invoke(DelegatingMethodAccessorImpl.java:43)
	at java.lang.reflect.Method.invoke(Method.java:606)
	at org.springsource.loaded.ri.ReflectiveInterceptor.jlrMethodInvoke(ReflectiveInterceptor.java:1260)
	at org.codehaus.groovy.reflection.CachedMethod.invoke(CachedMethod.java:90)
	at groovy.lang.MetaMethod.doMethodInvoke(MetaMethod.java:233)
	at groovy.lang.MetaClassImpl.invokeMethod(MetaClassImpl.java:1086)
	at groovy.lang.ExpandoMetaClass.invokeMethod(ExpandoMetaClass.java:1110)
	at groovy.lang.MetaClassImpl.invokeMethod(MetaClassImpl.java:910)
	at groovy.lang.Closure.call(Closure.java:411)
	at org.codehaus.groovy.grails.plugins.DefaultGrailsPlugin.invokeOnChangeListener(DefaultGrailsPlugin.java:767)
	at org.codehaus.groovy.grails.plugins.DefaultGrailsPlugin.notifyOfEvent(DefaultGrailsPlugin.java:716)
	at org.codehaus.groovy.grails.plugins.DefaultGrailsPlugin.notifyOfEvent(DefaultGrailsPlugin.java:731)
	at org.codehaus.groovy.grails.plugins.AbstractGrailsPluginManager.informOfClassChange(AbstractGrailsPluginManager.java:409)
	at org.codehaus.groovy.grails.compiler.GrailsProjectWatcher$2.run(GrailsProjectWatcher.java:263)
	at org.codehaus.groovy.grails.compiler.GrailsProjectWatcher.firePendingClassChangeEvents(GrailsProjectWatcher.java:124)
	at org.codehaus.groovy.grails.cli.agent.GrailsPluginManagerReloadPlugin.reloadEvent(GrailsPluginManagerReloadPlugin.java:42)
	at org.springsource.loaded.TypeRegistry.fireReloadEvent(TypeRegistry.java:1643)
	at org.springsource.loaded.ReloadableType.loadNewVersion(ReloadableType.java:396)
	at org.springsource.loaded.TypeRegistry.loadNewVersion(TypeRegistry.java:808)
	at org.springsource.loaded.agent.ReloadableFileChangeListener.fileChanged(ReloadableFileChangeListener.java:51)
	at org.springsource.loaded.agent.Watcher.determineChangesSince(FileSystemWatcher.java:218)
	at org.springsource.loaded.agent.Watcher.run(FileSystemWatcher.java:205)
	at java.lang.Thread.run(Thread.java:744)
2014-03-02 15:59:50,759 [FileSystemWatcher: files=#2 cl=groovy.lang.GroovyClassLoader@62225a59] ERROR StackTrace  - Full Stack Trace:
groovy.lang.GroovyRuntimeException: Ambiguous method overloading for method grails.spring.BeanBuilder#registerBeans.
Cannot resolve which method to invoke for [null] due to overlapping prototypes between:
	[interface org.codehaus.groovy.grails.commons.spring.RuntimeSpringConfiguration]
	[interface org.springframework.beans.factory.support.BeanDefinitionRegistry]
	at java.lang.Thread.run(Thread.java:744)
2014-03-02 15:59:50,760 [FileSystemWatcher: files=#2 cl=groovy.lang.GroovyClassLoader@62225a59] ERROR StackTrace  - Full Stack Trace:
groovy.lang.GroovyRuntimeException: Ambiguous method overloading for method grails.spring.BeanBuilder#registerBeans.
Cannot resolve which method to invoke for [null] due to overlapping prototypes between:
	[interface org.codehaus.groovy.grails.commons.spring.RuntimeSpringConfiguration]
	[interface org.springframework.beans.factory.support.BeanDefinitionRegistry]
	at java.lang.Thread.run(Thread.java:744)
2014-03-02 15:59:50,760 [FileSystemWatcher: files=#2 cl=groovy.lang.GroovyClassLoader@62225a59] ERROR StackTrace  - Full Stack Trace:
groovy.lang.GroovyRuntimeException: Ambiguous method overloading for method grails.spring.BeanBuilder#registerBeans.
Cannot resolve which method to invoke for [null] due to overlapping prototypes between:
	[interface org.codehaus.groovy.grails.commons.spring.RuntimeSpringConfiguration]
	[interface org.springframework.beans.factory.support.BeanDefinitionRegistry]
	at java.lang.Thread.run(Thread.java:744)
2014-03-12 15:08:28,796 [FileSystemWatcher: files=#2 cl=groovy.lang.GroovyClassLoader@24852cbe] ERROR StackTrace  - Full Stack Trace:
groovy.lang.GroovyRuntimeException: Ambiguous method overloading for method grails.spring.BeanBuilder#registerBeans.
Cannot resolve which method to invoke for [null] due to overlapping prototypes between:
	[interface org.codehaus.groovy.grails.commons.spring.RuntimeSpringConfiguration]
	[interface org.springframework.beans.factory.support.BeanDefinitionRegistry]
	at groovy.lang.MetaClassImpl.chooseMostSpecificParams(MetaClassImpl.java:3034)
	at groovy.lang.MetaClassImpl.chooseMethodInternal(MetaClassImpl.java:2986)
	at groovy.lang.MetaClassImpl.chooseMethod(MetaClassImpl.java:2929)
	at groovy.lang.MetaClassImpl.getMethodWithCachingInternal(MetaClassImpl.java:1204)
	at groovy.lang.MetaClassImpl.createPogoCallSite(MetaClassImpl.java:3163)
	at groovy.lang.ExpandoMetaClass.createPogoCallSite(ExpandoMetaClass.java:1306)
	at org.codehaus.groovy.runtime.callsite.CallSiteArray.createPogoSite(CallSiteArray.java:147)
	at org.codehaus.groovy.runtime.callsite.CallSiteArray.createCallSite(CallSiteArray.java:161)
	at org.codehaus.groovy.runtime.callsite.CallSiteArray.defaultCall(CallSiteArray.java:45)
	at org.codehaus.groovy.runtime.callsite.AbstractCallSite.call(AbstractCallSite.java:108)
	at org.codehaus.groovy.runtime.callsite.AbstractCallSite.call(AbstractCallSite.java:116)
	at org.codehaus.groovy.grails.plugins.DomainClassGrailsPlugin$_closure3.doCall(DomainClassGrailsPlugin.groovy:156)
	at sun.reflect.NativeMethodAccessorImpl.invoke0(Native Method)
	at sun.reflect.NativeMethodAccessorImpl.invoke(NativeMethodAccessorImpl.java:57)
	at sun.reflect.DelegatingMethodAccessorImpl.invoke(DelegatingMethodAccessorImpl.java:43)
	at java.lang.reflect.Method.invoke(Method.java:606)
	at org.springsource.loaded.ri.ReflectiveInterceptor.jlrMethodInvoke(ReflectiveInterceptor.java:1260)
	at org.codehaus.groovy.reflection.CachedMethod.invoke(CachedMethod.java:90)
	at groovy.lang.MetaMethod.doMethodInvoke(MetaMethod.java:233)
	at groovy.lang.MetaClassImpl.invokeMethod(MetaClassImpl.java:1086)
	at groovy.lang.ExpandoMetaClass.invokeMethod(ExpandoMetaClass.java:1110)
	at groovy.lang.MetaClassImpl.invokeMethod(MetaClassImpl.java:910)
	at groovy.lang.Closure.call(Closure.java:411)
	at org.codehaus.groovy.grails.plugins.DefaultGrailsPlugin.invokeOnChangeListener(DefaultGrailsPlugin.java:767)
	at org.codehaus.groovy.grails.plugins.DefaultGrailsPlugin.notifyOfEvent(DefaultGrailsPlugin.java:716)
	at org.codehaus.groovy.grails.plugins.DefaultGrailsPlugin.notifyOfEvent(DefaultGrailsPlugin.java:731)
	at org.codehaus.groovy.grails.plugins.AbstractGrailsPluginManager.informOfClassChange(AbstractGrailsPluginManager.java:409)
	at org.codehaus.groovy.grails.compiler.GrailsProjectWatcher$2.run(GrailsProjectWatcher.java:263)
	at org.codehaus.groovy.grails.compiler.GrailsProjectWatcher.firePendingClassChangeEvents(GrailsProjectWatcher.java:124)
	at org.codehaus.groovy.grails.cli.agent.GrailsPluginManagerReloadPlugin.reloadEvent(GrailsPluginManagerReloadPlugin.java:42)
	at org.springsource.loaded.TypeRegistry.fireReloadEvent(TypeRegistry.java:1643)
	at org.springsource.loaded.ReloadableType.loadNewVersion(ReloadableType.java:396)
	at org.springsource.loaded.TypeRegistry.loadNewVersion(TypeRegistry.java:808)
	at org.springsource.loaded.agent.ReloadableFileChangeListener.fileChanged(ReloadableFileChangeListener.java:51)
	at org.springsource.loaded.agent.Watcher.determineChangesSince(FileSystemWatcher.java:218)
	at org.springsource.loaded.agent.Watcher.run(FileSystemWatcher.java:205)
	at java.lang.Thread.run(Thread.java:744)
2014-03-12 15:08:28,802 [FileSystemWatcher: files=#2 cl=groovy.lang.GroovyClassLoader@24852cbe] ERROR StackTrace  - Full Stack Trace:
groovy.lang.GroovyRuntimeException: Ambiguous method overloading for method grails.spring.BeanBuilder#registerBeans.
Cannot resolve which method to invoke for [null] due to overlapping prototypes between:
	[interface org.codehaus.groovy.grails.commons.spring.RuntimeSpringConfiguration]
	[interface org.springframework.beans.factory.support.BeanDefinitionRegistry]
	at java.lang.Thread.run(Thread.java:744)
2014-03-12 15:08:28,803 [FileSystemWatcher: files=#2 cl=groovy.lang.GroovyClassLoader@24852cbe] ERROR StackTrace  - Full Stack Trace:
groovy.lang.GroovyRuntimeException: Ambiguous method overloading for method grails.spring.BeanBuilder#registerBeans.
Cannot resolve which method to invoke for [null] due to overlapping prototypes between:
	[interface org.codehaus.groovy.grails.commons.spring.RuntimeSpringConfiguration]
	[interface org.springframework.beans.factory.support.BeanDefinitionRegistry]
	at java.lang.Thread.run(Thread.java:744)
2014-03-12 15:08:28,803 [FileSystemWatcher: files=#2 cl=groovy.lang.GroovyClassLoader@24852cbe] ERROR StackTrace  - Full Stack Trace:
groovy.lang.GroovyRuntimeException: Ambiguous method overloading for method grails.spring.BeanBuilder#registerBeans.
Cannot resolve which method to invoke for [null] due to overlapping prototypes between:
	[interface org.codehaus.groovy.grails.commons.spring.RuntimeSpringConfiguration]
	[interface org.springframework.beans.factory.support.BeanDefinitionRegistry]
	at java.lang.Thread.run(Thread.java:744)
2014-03-12 15:09:26,329 [FileSystemWatcher: files=#2 cl=groovy.lang.GroovyClassLoader@24852cbe] ERROR StackTrace  - Full Stack Trace:
groovy.lang.GroovyRuntimeException: Ambiguous method overloading for method grails.spring.BeanBuilder#registerBeans.
Cannot resolve which method to invoke for [null] due to overlapping prototypes between:
	[interface org.codehaus.groovy.grails.commons.spring.RuntimeSpringConfiguration]
	[interface org.springframework.beans.factory.support.BeanDefinitionRegistry]
	at groovy.lang.MetaClassImpl.chooseMostSpecificParams(MetaClassImpl.java:3034)
	at groovy.lang.MetaClassImpl.chooseMethodInternal(MetaClassImpl.java:2986)
	at groovy.lang.MetaClassImpl.chooseMethod(MetaClassImpl.java:2929)
	at groovy.lang.MetaClassImpl.getMethodWithCachingInternal(MetaClassImpl.java:1204)
	at groovy.lang.MetaClassImpl.createPogoCallSite(MetaClassImpl.java:3163)
	at groovy.lang.ExpandoMetaClass.createPogoCallSite(ExpandoMetaClass.java:1306)
	at org.codehaus.groovy.runtime.callsite.CallSiteArray.createPogoSite(CallSiteArray.java:147)
	at org.codehaus.groovy.runtime.callsite.CallSiteArray.createCallSite(CallSiteArray.java:161)
	at org.codehaus.groovy.runtime.callsite.CallSiteArray.defaultCall(CallSiteArray.java:45)
	at org.codehaus.groovy.runtime.callsite.AbstractCallSite.call(AbstractCallSite.java:108)
	at org.codehaus.groovy.runtime.callsite.AbstractCallSite.call(AbstractCallSite.java:116)
	at org.codehaus.groovy.grails.plugins.DomainClassGrailsPlugin$_closure3.doCall(DomainClassGrailsPlugin.groovy:156)
	at sun.reflect.NativeMethodAccessorImpl.invoke0(Native Method)
	at sun.reflect.NativeMethodAccessorImpl.invoke(NativeMethodAccessorImpl.java:57)
	at sun.reflect.DelegatingMethodAccessorImpl.invoke(DelegatingMethodAccessorImpl.java:43)
	at java.lang.reflect.Method.invoke(Method.java:606)
	at org.springsource.loaded.ri.ReflectiveInterceptor.jlrMethodInvoke(ReflectiveInterceptor.java:1260)
	at org.codehaus.groovy.reflection.CachedMethod.invoke(CachedMethod.java:90)
	at groovy.lang.MetaMethod.doMethodInvoke(MetaMethod.java:233)
	at groovy.lang.MetaClassImpl.invokeMethod(MetaClassImpl.java:1086)
	at groovy.lang.ExpandoMetaClass.invokeMethod(ExpandoMetaClass.java:1110)
	at groovy.lang.MetaClassImpl.invokeMethod(MetaClassImpl.java:910)
	at groovy.lang.Closure.call(Closure.java:411)
	at org.codehaus.groovy.grails.plugins.DefaultGrailsPlugin.invokeOnChangeListener(DefaultGrailsPlugin.java:767)
	at org.codehaus.groovy.grails.plugins.DefaultGrailsPlugin.notifyOfEvent(DefaultGrailsPlugin.java:716)
	at org.codehaus.groovy.grails.plugins.DefaultGrailsPlugin.notifyOfEvent(DefaultGrailsPlugin.java:731)
	at org.codehaus.groovy.grails.plugins.AbstractGrailsPluginManager.informOfClassChange(AbstractGrailsPluginManager.java:409)
	at org.codehaus.groovy.grails.compiler.GrailsProjectWatcher$2.run(GrailsProjectWatcher.java:263)
	at org.codehaus.groovy.grails.compiler.GrailsProjectWatcher.firePendingClassChangeEvents(GrailsProjectWatcher.java:124)
	at org.codehaus.groovy.grails.cli.agent.GrailsPluginManagerReloadPlugin.reloadEvent(GrailsPluginManagerReloadPlugin.java:42)
	at org.springsource.loaded.TypeRegistry.fireReloadEvent(TypeRegistry.java:1643)
	at org.springsource.loaded.ReloadableType.loadNewVersion(ReloadableType.java:396)
	at org.springsource.loaded.TypeRegistry.loadNewVersion(TypeRegistry.java:808)
	at org.springsource.loaded.agent.ReloadableFileChangeListener.fileChanged(ReloadableFileChangeListener.java:51)
	at org.springsource.loaded.agent.Watcher.determineChangesSince(FileSystemWatcher.java:218)
	at org.springsource.loaded.agent.Watcher.run(FileSystemWatcher.java:205)
	at java.lang.Thread.run(Thread.java:744)
2014-03-12 15:09:26,341 [FileSystemWatcher: files=#2 cl=groovy.lang.GroovyClassLoader@24852cbe] ERROR StackTrace  - Full Stack Trace:
groovy.lang.GroovyRuntimeException: Ambiguous method overloading for method grails.spring.BeanBuilder#registerBeans.
Cannot resolve which method to invoke for [null] due to overlapping prototypes between:
	[interface org.codehaus.groovy.grails.commons.spring.RuntimeSpringConfiguration]
	[interface org.springframework.beans.factory.support.BeanDefinitionRegistry]
	at java.lang.Thread.run(Thread.java:744)
2014-03-12 15:09:26,341 [FileSystemWatcher: files=#2 cl=groovy.lang.GroovyClassLoader@24852cbe] ERROR StackTrace  - Full Stack Trace:
groovy.lang.GroovyRuntimeException: Ambiguous method overloading for method grails.spring.BeanBuilder#registerBeans.
Cannot resolve which method to invoke for [null] due to overlapping prototypes between:
	[interface org.codehaus.groovy.grails.commons.spring.RuntimeSpringConfiguration]
	[interface org.springframework.beans.factory.support.BeanDefinitionRegistry]
	at java.lang.Thread.run(Thread.java:744)
2014-03-12 15:09:26,341 [FileSystemWatcher: files=#2 cl=groovy.lang.GroovyClassLoader@24852cbe] ERROR StackTrace  - Full Stack Trace:
groovy.lang.GroovyRuntimeException: Ambiguous method overloading for method grails.spring.BeanBuilder#registerBeans.
Cannot resolve which method to invoke for [null] due to overlapping prototypes between:
	[interface org.codehaus.groovy.grails.commons.spring.RuntimeSpringConfiguration]
	[interface org.springframework.beans.factory.support.BeanDefinitionRegistry]
	at java.lang.Thread.run(Thread.java:744)
2014-03-12 15:11:42,165 [localhost-startStop-1] ERROR StackTrace  - Full Stack Trace:
groovy.lang.MissingPropertyException: No such property: TRUE for class: BootStrap
	at org.codehaus.groovy.runtime.ScriptBytecodeAdapter.unwrap(ScriptBytecodeAdapter.java:50)
	at org.codehaus.groovy.runtime.callsite.PogoGetPropertySite.getProperty(PogoGetPropertySite.java:49)
	at org.codehaus.groovy.runtime.callsite.AbstractCallSite.callGroovyObjectGetProperty(AbstractCallSite.java:231)
	at BootStrap$_closure1.doCall(BootStrap.groovy:8)
	at sun.reflect.NativeMethodAccessorImpl.invoke0(Native Method)
	at sun.reflect.NativeMethodAccessorImpl.invoke(NativeMethodAccessorImpl.java:57)
	at sun.reflect.DelegatingMethodAccessorImpl.invoke(DelegatingMethodAccessorImpl.java:43)
	at java.lang.reflect.Method.invoke(Method.java:606)
	at org.springsource.loaded.ri.ReflectiveInterceptor.jlrMethodInvoke(ReflectiveInterceptor.java:1254)
	at org.codehaus.groovy.reflection.CachedMethod.invoke(CachedMethod.java:90)
	at groovy.lang.MetaMethod.doMethodInvoke(MetaMethod.java:233)
	at groovy.lang.MetaClassImpl.invokeMethod(MetaClassImpl.java:1086)
	at groovy.lang.ExpandoMetaClass.invokeMethod(ExpandoMetaClass.java:1110)
	at groovy.lang.MetaClassImpl.invokeMethod(MetaClassImpl.java:910)
	at groovy.lang.MetaClassImpl.invokeMethod(MetaClassImpl.java:960)
	at groovy.lang.ExpandoMetaClass.invokeMethod(ExpandoMetaClass.java:1110)
	at groovy.lang.MetaClassImpl.invokeMethod(MetaClassImpl.java:910)
	at groovy.lang.Closure.call(Closure.java:411)
	at groovy.lang.Closure.call(Closure.java:405)
	at grails.util.Environment.evaluateEnvironmentSpecificBlock(Environment.java:308)
	at grails.util.Environment.executeForEnvironment(Environment.java:301)
	at grails.util.Environment.executeForCurrentEnvironment(Environment.java:277)
	at org.codehaus.groovy.grails.commons.DefaultGrailsBootstrapClass.callInit(DefaultGrailsBootstrapClass.java:60)
	at org.codehaus.groovy.grails.web.context.GrailsConfigUtils.executeGrailsBootstraps(GrailsConfigUtils.java:75)
	at org.codehaus.groovy.grails.web.context.GrailsContextLoader.initWebApplicationContext(GrailsContextLoader.java:109)
	at org.springframework.web.context.ContextLoaderListener.contextInitialized(ContextLoaderListener.java:112)
	at org.apache.catalina.core.StandardContext.listenerStart(StandardContext.java:4961)
	at org.apache.catalina.core.StandardContext.startInternal(StandardContext.java:5455)
	at org.apache.catalina.util.LifecycleBase.start(LifecycleBase.java:150)
	at org.apache.catalina.core.ContainerBase$StartChild.call(ContainerBase.java:1559)
	at org.apache.catalina.core.ContainerBase$StartChild.call(ContainerBase.java:1549)
	at java.util.concurrent.FutureTask.run(FutureTask.java:262)
	at java.util.concurrent.ThreadPoolExecutor.runWorker(ThreadPoolExecutor.java:1145)
	at java.util.concurrent.ThreadPoolExecutor$Worker.run(ThreadPoolExecutor.java:615)
	at java.lang.Thread.run(Thread.java:744)
2014-03-12 15:11:42,175 [localhost-startStop-1] ERROR StackTrace  - Full Stack Trace:
groovy.lang.MissingPropertyException: No such property: TRUE for class: BootStrap
	at BootStrap$_closure1.doCall(BootStrap.groovy:8)
	at grails.util.Environment.evaluateEnvironmentSpecificBlock(Environment.java:308)
	at grails.util.Environment.executeForEnvironment(Environment.java:301)
	at grails.util.Environment.executeForCurrentEnvironment(Environment.java:277)
	at java.util.concurrent.FutureTask.run(FutureTask.java:262)
	at java.util.concurrent.ThreadPoolExecutor.runWorker(ThreadPoolExecutor.java:1145)
	at java.util.concurrent.ThreadPoolExecutor$Worker.run(ThreadPoolExecutor.java:615)
	at java.lang.Thread.run(Thread.java:744)
2014-03-12 15:11:42,176 [localhost-startStop-1] ERROR StackTrace  - Full Stack Trace:
groovy.lang.MissingPropertyException: No such property: TRUE for class: BootStrap
	at BootStrap$_closure1.doCall(BootStrap.groovy:8)
	at grails.util.Environment.evaluateEnvironmentSpecificBlock(Environment.java:308)
	at grails.util.Environment.executeForEnvironment(Environment.java:301)
	at grails.util.Environment.executeForCurrentEnvironment(Environment.java:277)
	at java.util.concurrent.FutureTask.run(FutureTask.java:262)
	at java.util.concurrent.ThreadPoolExecutor.runWorker(ThreadPoolExecutor.java:1145)
	at java.util.concurrent.ThreadPoolExecutor$Worker.run(ThreadPoolExecutor.java:615)
	at java.lang.Thread.run(Thread.java:744)
2014-03-12 15:11:42,176 [localhost-startStop-1] ERROR StackTrace  - Full Stack Trace:
groovy.lang.MissingPropertyException: No such property: TRUE for class: BootStrap
	at BootStrap$_closure1.doCall(BootStrap.groovy:8)
	at grails.util.Environment.evaluateEnvironmentSpecificBlock(Environment.java:308)
	at grails.util.Environment.executeForEnvironment(Environment.java:301)
	at grails.util.Environment.executeForCurrentEnvironment(Environment.java:277)
	at java.util.concurrent.FutureTask.run(FutureTask.java:262)
	at java.util.concurrent.ThreadPoolExecutor.runWorker(ThreadPoolExecutor.java:1145)
	at java.util.concurrent.ThreadPoolExecutor$Worker.run(ThreadPoolExecutor.java:615)
	at java.lang.Thread.run(Thread.java:744)
2014-03-12 15:11:42,177 [localhost-startStop-1] ERROR StackTrace  - Full Stack Trace:
groovy.lang.MissingPropertyException: No such property: TRUE for class: BootStrap
	at BootStrap$_closure1.doCall(BootStrap.groovy:8)
	at grails.util.Environment.evaluateEnvironmentSpecificBlock(Environment.java:308)
	at grails.util.Environment.executeForEnvironment(Environment.java:301)
	at grails.util.Environment.executeForCurrentEnvironment(Environment.java:277)
	at java.util.concurrent.FutureTask.run(FutureTask.java:262)
	at java.util.concurrent.ThreadPoolExecutor.runWorker(ThreadPoolExecutor.java:1145)
	at java.util.concurrent.ThreadPoolExecutor$Worker.run(ThreadPoolExecutor.java:615)
	at java.lang.Thread.run(Thread.java:744)
2014-03-12 15:11:42,177 [localhost-startStop-1] ERROR StackTrace  - Full Stack Trace:
groovy.lang.MissingPropertyException: No such property: TRUE for class: BootStrap
	at BootStrap$_closure1.doCall(BootStrap.groovy:8)
	at grails.util.Environment.evaluateEnvironmentSpecificBlock(Environment.java:308)
	at grails.util.Environment.executeForEnvironment(Environment.java:301)
	at grails.util.Environment.executeForCurrentEnvironment(Environment.java:277)
	at java.util.concurrent.FutureTask.run(FutureTask.java:262)
	at java.util.concurrent.ThreadPoolExecutor.runWorker(ThreadPoolExecutor.java:1145)
	at java.util.concurrent.ThreadPoolExecutor$Worker.run(ThreadPoolExecutor.java:615)
	at java.lang.Thread.run(Thread.java:744)
